Using pre-set license
Built from '2020.3/release' branch; Version is '2020.3.7f1 (dd97f2c94397) revision 14522354'; Using compiler version '192528614'; Build Type 'Release'
OS: 'Windows 10 Pro; OS build 19041.1052; Version 2004; 64bit' Language: 'ru' Physical Memory: 16322 MB
BatchMode: 1, IsHumanControllingUs: 0, StartBugReporterOnCrash: 0, Is64bit: 1, IsPro: 0

 COMMAND LINE ARGUMENTS:
C:\Program Files\Unity\Hub\Editor\2020.3.7f1\Editor\Unity.exe
-adb2
-batchMode
-noUpm
-name
AssetImportWorker0
-projectPath
C:/UnityP/timestamp
-logFile
Logs/AssetImportWorker0.log
-srvPort
58643
Successfully changed project path to: C:/UnityP/timestamp
C:/UnityP/timestamp
Using Asset Import Pipeline V2.
Refreshing native plugins compatible for Editor in 31.96 ms, found 0 plugins.
Preloading 0 native plugins for Editor in 0.00 ms.
Initialize engine version: 2020.3.7f1 (dd97f2c94397)
[Subsystems] Discovering subsystems at path C:/Program Files/Unity/Hub/Editor/2020.3.7f1/Editor/Data/Resources/UnitySubsystems
[Subsystems] Discovering subsystems at path C:/UnityP/timestamp/Assets
GfxDevice: creating device client; threaded=0
Direct3D:
    Version:  Direct3D 11.0 [level 11.0]
    Renderer: NVIDIA GeForce GTX 750 Ti (ID=0x1380)
    Vendor:   
    VRAM:     2007 MB
    Driver:   27.21.14.6589
Initialize mono
Mono path[0] = 'C:/Program Files/Unity/Hub/Editor/2020.3.7f1/Editor/Data/Managed'
Mono path[1] = 'C:/Program Files/Unity/Hub/Editor/2020.3.7f1/Editor/Data/MonoBleedingEdge/lib/mono/unityjit'
Mono config path = 'C:/Program Files/Unity/Hub/Editor/2020.3.7f1/Editor/Data/MonoBleedingEdge/etc'
Using monoOptions --debugger-agent=transport=dt_socket,embedding=1,server=y,suspend=n,address=127.0.0.1:56644
Begin MonoManager ReloadAssembly
Registering precompiled unity dll's ...
Register platform support module: C:/Program Files/Unity/Hub/Editor/2020.3.7f1/Editor/Data/PlaybackEngines/WebGLSupport/UnityEditor.WebGL.Extensions.dll
Register platform support module: C:/Program Files/Unity/Hub/Editor/2020.3.7f1/Editor/Data/PlaybackEngines/WindowsStandaloneSupport/UnityEditor.WindowsStandalone.Extensions.dll
Register platform support module: C:/Program Files/Unity/Hub/Editor/2020.3.7f1/Editor/Data/PlaybackEngines/LinuxStandaloneSupport/UnityEditor.LinuxStandalone.Extensions.dll
Registered in 0.004047 seconds.
Native extension for LinuxStandalone target not found
Native extension for WindowsStandalone target not found
Native extension for WebGL target not found
Refreshing native plugins compatible for Editor in 31.63 ms, found 0 plugins.
Preloading 0 native plugins for Editor in 0.00 ms.
Mono: successfully reloaded assembly
- Completed reload, in  2.688 seconds
Platform modules already initialized, skipping
Registering precompiled user dll's ...
Registered in 0.000927 seconds.
Begin MonoManager ReloadAssembly
Native extension for LinuxStandalone target not found
Native extension for WindowsStandalone target not found
Native extension for WebGL target not found
Refreshing native plugins compatible for Editor in 0.33 ms, found 0 plugins.
Preloading 0 native plugins for Editor in 0.00 ms.
Mono: successfully reloaded assembly
- Completed reload, in  1.340 seconds
Platform modules already initialized, skipping
========================================================================
Worker process is ready to serve import requests
Launched and connected shader compiler UnityShaderCompiler.exe after 0.07 seconds
Refreshing native plugins compatible for Editor in 0.32 ms, found 0 plugins.
Preloading 0 native plugins for Editor in 0.00 ms.
Unloading 1136 Unused Serialized files (Serialized files now loaded: 0)
System memory in use before: 57.8 MB.
System memory in use after: 57.9 MB.

Unloading 17 unused Assets to reduce memory usage. Loaded Objects now: 1572.
Total: 2.737708 ms (FindLiveObjects: 0.204635 ms CreateObjectMapping: 0.105600 ms MarkObjects: 2.315727 ms  DeleteObjects: 0.104832 ms)

========================================================================
Received Import Request.
  path: Assets/native-dialog/Assets/Uni Sans Heavy.otf
  artifactKey: Guid(a1f883e6bacff7344899ad2fee79f677) Importer(815301076,1909f56bfc062723c751e8b465ee728b)
Start importing Assets/native-dialog/Assets/Uni Sans Heavy.otf using Guid(a1f883e6bacff7344899ad2fee79f677) Importer(815301076,1909f56bfc062723c751e8b465ee728b)  -> (artifact id: '26892d40b257f7c20ec900a6e510621f') in 0.218460 seconds
  Import took 0.222077 seconds .

========================================================================
Received Import Request.
  Time since last request: 46.995156 seconds.
  path: Assets/native-dialog/Assets/Ubuntu/Uni Sans Thin.otf
  artifactKey: Guid(75bf1a57bdbd2c54bae899160c8dc7f2) Importer(815301076,1909f56bfc062723c751e8b465ee728b)
Start importing Assets/native-dialog/Assets/Ubuntu/Uni Sans Thin.otf using Guid(75bf1a57bdbd2c54bae899160c8dc7f2) Importer(815301076,1909f56bfc062723c751e8b465ee728b)  -> (artifact id: 'f4a431989dbb0a771b7af399a35c5bb5') in 0.023560 seconds
  Import took 0.030146 seconds .

========================================================================
Received Import Request.
  Time since last request: 526.418615 seconds.
  path: Assets/native-dialog/Assets/Ubuntu/Roboto-Regular.ttf
  artifactKey: Guid(071de3e652301d7429184fa7acc7c5b1) Importer(815301076,1909f56bfc062723c751e8b465ee728b)
Start importing Assets/native-dialog/Assets/Ubuntu/Roboto-Regular.ttf using Guid(071de3e652301d7429184fa7acc7c5b1) Importer(815301076,1909f56bfc062723c751e8b465ee728b)  -> (artifact id: 'a0a2cf3dabaa3273919cfabfeac97f33') in 0.069668 seconds
  Import took 0.075258 seconds .

========================================================================
Received Import Request.
  Time since last request: 10.938913 seconds.
  path: Assets/native-dialog/Assets/Ubuntu/UFL.txt
  artifactKey: Guid(0ca9c8b46ce278c449b81e165b3f7fbc) Importer(815301076,1909f56bfc062723c751e8b465ee728b)
Start importing Assets/native-dialog/Assets/Ubuntu/UFL.txt using Guid(0ca9c8b46ce278c449b81e165b3f7fbc) Importer(815301076,1909f56bfc062723c751e8b465ee728b)  -> (artifact id: 'b2522c34b03579ed9ac55a67adf4458d') in 0.019339 seconds
  Import took 0.023344 seconds .

========================================================================
Received Import Request.
  Time since last request: 41.895389 seconds.
  path: Assets/native-dialog/Assets/Ubuntu/Roboto-Thin.ttf
  artifactKey: Guid(a5daf64fb557714489d09e86db4b1b2c) Importer(815301076,1909f56bfc062723c751e8b465ee728b)
Start importing Assets/native-dialog/Assets/Ubuntu/Roboto-Thin.ttf using Guid(a5daf64fb557714489d09e86db4b1b2c) Importer(815301076,1909f56bfc062723c751e8b465ee728b)  -> (artifact id: '9732c9becefd60c62b786f2d63f3aa00') in 0.023384 seconds
  Import took 0.027230 seconds .

========================================================================
Received Prepare
Refreshing native plugins compatible for Editor in 3.04 ms, found 0 plugins.
Preloading 0 native plugins for Editor in 0.00 ms.
Unloading 10 Unused Serialized files (Serialized files now loaded: 0)
System memory in use before: 39.0 MB.
System memory in use after: 39.1 MB.

Unloading 10 unused Assets to reduce memory usage. Loaded Objects now: 1616.
Total: 2.873759 ms (FindLiveObjects: 0.143035 ms CreateObjectMapping: 0.045187 ms MarkObjects: 2.608362 ms  DeleteObjects: 0.070540 ms)

========================================================================
Received Prepare
Refreshing native plugins compatible for Editor in 5.31 ms, found 0 plugins.
Preloading 0 native plugins for Editor in 0.00 ms.
Unloading 10 Unused Serialized files (Serialized files now loaded: 0)
System memory in use before: 39.0 MB.
System memory in use after: 39.1 MB.

Unloading 10 unused Assets to reduce memory usage. Loaded Objects now: 1616.
Total: 3.294902 ms (FindLiveObjects: 0.258902 ms CreateObjectMapping: 0.098197 ms MarkObjects: 2.864540 ms  DeleteObjects: 0.065162 ms)

AssetImportWorkerClient::OnTransportError - code=2 error=End of file
