Using pre-set license
Built from '2020.3/release' branch; Version is '2020.3.7f1 (dd97f2c94397) revision 14522354'; Using compiler version '192528614'; Build Type 'Release'
OS: 'Windows 10 Pro; OS build 19041.1052; Version 2004; 64bit' Language: 'ru' Physical Memory: 16322 MB
BatchMode: 1, IsHumanControllingUs: 0, StartBugReporterOnCrash: 0, Is64bit: 1, IsPro: 0

 COMMAND LINE ARGUMENTS:
C:\Program Files\Unity\Hub\Editor\2020.3.7f1\Editor\Unity.exe
-adb2
-batchMode
-noUpm
-name
AssetImportWorker0
-projectPath
C:/UnityP/timestamp
-logFile
Logs/AssetImportWorker0.log
-srvPort
55734
Successfully changed project path to: C:/UnityP/timestamp
C:/UnityP/timestamp
Using Asset Import Pipeline V2.
Refreshing native plugins compatible for Editor in 31.66 ms, found 0 plugins.
Preloading 0 native plugins for Editor in 0.00 ms.
Initialize engine version: 2020.3.7f1 (dd97f2c94397)
[Subsystems] Discovering subsystems at path C:/Program Files/Unity/Hub/Editor/2020.3.7f1/Editor/Data/Resources/UnitySubsystems
[Subsystems] Discovering subsystems at path C:/UnityP/timestamp/Assets
GfxDevice: creating device client; threaded=0
Direct3D:
    Version:  Direct3D 11.0 [level 11.0]
    Renderer: NVIDIA GeForce GTX 750 Ti (ID=0x1380)
    Vendor:   
    VRAM:     2007 MB
    Driver:   27.21.14.6589
Initialize mono
Mono path[0] = 'C:/Program Files/Unity/Hub/Editor/2020.3.7f1/Editor/Data/Managed'
Mono path[1] = 'C:/Program Files/Unity/Hub/Editor/2020.3.7f1/Editor/Data/MonoBleedingEdge/lib/mono/unityjit'
Mono config path = 'C:/Program Files/Unity/Hub/Editor/2020.3.7f1/Editor/Data/MonoBleedingEdge/etc'
Using monoOptions --debugger-agent=transport=dt_socket,embedding=1,server=y,suspend=n,address=127.0.0.1:56044
Begin MonoManager ReloadAssembly
Registering precompiled unity dll's ...
Register platform support module: C:/Program Files/Unity/Hub/Editor/2020.3.7f1/Editor/Data/PlaybackEngines/WebGLSupport/UnityEditor.WebGL.Extensions.dll
Register platform support module: C:/Program Files/Unity/Hub/Editor/2020.3.7f1/Editor/Data/PlaybackEngines/WindowsStandaloneSupport/UnityEditor.WindowsStandalone.Extensions.dll
Register platform support module: C:/Program Files/Unity/Hub/Editor/2020.3.7f1/Editor/Data/PlaybackEngines/LinuxStandaloneSupport/UnityEditor.LinuxStandalone.Extensions.dll
Registered in 0.003705 seconds.
Native extension for LinuxStandalone target not found
Native extension for WindowsStandalone target not found
Native extension for WebGL target not found
Refreshing native plugins compatible for Editor in 29.71 ms, found 0 plugins.
Preloading 0 native plugins for Editor in 0.00 ms.
Mono: successfully reloaded assembly
- Completed reload, in  2.907 seconds
Platform modules already initialized, skipping
Registering precompiled user dll's ...
Registered in 0.000942 seconds.
Begin MonoManager ReloadAssembly
Native extension for LinuxStandalone target not found
Native extension for WindowsStandalone target not found
Native extension for WebGL target not found
Refreshing native plugins compatible for Editor in 0.29 ms, found 0 plugins.
Preloading 0 native plugins for Editor in 0.00 ms.
Mono: successfully reloaded assembly
- Completed reload, in  1.268 seconds
Platform modules already initialized, skipping
========================================================================
Worker process is ready to serve import requests
Launched and connected shader compiler UnityShaderCompiler.exe after 0.07 seconds
Refreshing native plugins compatible for Editor in 0.31 ms, found 0 plugins.
Preloading 0 native plugins for Editor in 0.00 ms.
Unloading 1136 Unused Serialized files (Serialized files now loaded: 0)
System memory in use before: 57.9 MB.
System memory in use after: 57.9 MB.

Unloading 17 unused Assets to reduce memory usage. Loaded Objects now: 1572.
Total: 2.649848 ms (FindLiveObjects: 0.144292 ms CreateObjectMapping: 0.047352 ms MarkObjects: 2.351975 ms  DeleteObjects: 0.099594 ms)

========================================================================
Received Import Request.
  path: Assets/native-dialog/Assets/Plugins
  artifactKey: Guid(08d3e855994f94080bbe1d035c17e5c9) Importer(815301076,1909f56bfc062723c751e8b465ee728b)
Start importing Assets/native-dialog/Assets/Plugins using Guid(08d3e855994f94080bbe1d035c17e5c9) Importer(815301076,1909f56bfc062723c751e8b465ee728b)  -> (artifact id: 'acf7af7d3dc11ceccfa0c6ee01571fa4') in 0.011758 seconds
  Import took 0.015176 seconds .

========================================================================
Received Import Request.
  Time since last request: 0.000261 seconds.
  path: Assets/native-dialog/Assets/roboto
  artifactKey: Guid(206a12794a2137a4b96aa3f99ae1b39f) Importer(815301076,1909f56bfc062723c751e8b465ee728b)
Start importing Assets/native-dialog/Assets/roboto using Guid(206a12794a2137a4b96aa3f99ae1b39f) Importer(815301076,1909f56bfc062723c751e8b465ee728b)  -> (artifact id: 'be50cc1c49f6dafd8d6248dfad2e2e35') in 0.007219 seconds
  Import took 0.009635 seconds .

========================================================================
Received Import Request.
  Time since last request: 1.941479 seconds.
  path: Assets/native-dialog/Assets/Plugins/iOS
  artifactKey: Guid(0b666f9cde57b4edc83b4c668351fd5e) Importer(815301076,1909f56bfc062723c751e8b465ee728b)
Start importing Assets/native-dialog/Assets/Plugins/iOS using Guid(0b666f9cde57b4edc83b4c668351fd5e) Importer(815301076,1909f56bfc062723c751e8b465ee728b)  -> (artifact id: 'f8f5236ca68ac4ce6b53009524d59a36') in 0.010573 seconds
  Import took 0.014647 seconds .

